[    0.000000] Linux version 4.15.0-143-generic (buildd@lcy01-amd64-001) (gcc version 7.5.0 (Ubuntu 7.5.0-3ubuntu1~18.04)) #147-Ubuntu SMP Wed Apr 14 16:10:11 UTC 2021 (Ubuntu 4.15.0-143.147-generic 4.15.18)
[    0.000000] Command line: BOOT_IMAGE=/boot/vmlinuz-4.15.0-143-generic root=LABEL=cloudimg-rootfs ro console=tty1 console=ttyS0
[    0.000000] KERNEL supported cpus:
[    0.000000]   Intel GenuineIntel
[    0.000000]   AMD AuthenticAMD
[    0.000000]   Centaur CentaurHauls
[    0.000000] x86/fpu: Supporting XSAVE feature 0x001: 'x87 floating point registers'
[    0.000000] x86/fpu: Supporting XSAVE feature 0x002: 'SSE registers'
[    0.000000] x86/fpu: Supporting XSAVE feature 0x004: 'AVX registers'
[    0.000000] x86/fpu: xstate_offset[2]:  576, xstate_sizes[2]:  256
[    0.000000] x86/fpu: Enabled xstate features 0x7, context size is 832 bytes, using 'standard' format.
[    0.000000] e820: BIOS-provided physical RAM map:
[    0.000000] BIOS-e820: [mem 0x0000000000000000-0x000000000009fbff] usable
[    0.000000] BIOS-e820: [mem 0x000000000009fc00-0x000000000009ffff] reserved
[    0.000000] BIOS-e820: [mem 0x00000000000f0000-0x00000000000fffff] reserved
[    0.000000] BIOS-e820: [mem 0x0000000000100000-0x000000003ffeffff] usable
[    0.000000] BIOS-e820: [mem 0x000000003fff0000-0x000000003fffffff] ACPI data
[    0.000000] BIOS-e820: [mem 0x00000000fec00000-0x00000000fec00fff] reserved
[    0.000000] BIOS-e820: [mem 0x00000000fee00000-0x00000000fee00fff] reserved
[    0.000000] BIOS-e820: [mem 0x00000000fffc0000-0x00000000ffffffff] reserved
[    0.000000] NX (Execute Disable) protection: active
[    0.000000] SMBIOS 2.5 present.
[    0.000000] DMI: innotek GmbH VirtualBox/VirtualBox, BIOS VirtualBox 12/01/2006
[    0.000000] Hypervisor detected: KVM
[    0.000000] e820: last_pfn = 0x3fff0 max_arch_pfn = 0x400000000
[    0.000000] MTRR: Disabled
[    0.000000] x86/PAT: MTRRs disabled, skipping PAT initialization too.
[    0.000000] CPU MTRRs all blank - virtualized system.
[    0.000000] x86/PAT: Configuration [0-7]: WB  WT  UC- UC  WB  WT  UC- UC  
[    0.000000] found SMP MP-table at [mem 0x0009fff0-0x0009ffff]
[    0.000000] Scanning 1 areas for low memory corruption
[    0.000000] RAMDISK: [mem 0x359d1000-0x36cdffff]
[    0.000000] ACPI: Early table checksum verification disabled
[    0.000000] ACPI: RSDP 0x00000000000E0000 000024 (v02 VBOX  )
[    0.000000] ACPI: XSDT 0x000000003FFF0030 00003C (v01 VBOX   VBOXXSDT 00000001 ASL  00000061)
[    0.000000] ACPI: FACP 0x000000003FFF00F0 0000F4 (v04 VBOX   VBOXFACP 00000001 ASL  00000061)
[    0.000000] ACPI: DSDT 0x000000003FFF0470 002325 (v02 VBOX   VBOXBIOS 00000002 INTL 20100528)
[    0.000000] ACPI: FACS 0x000000003FFF0200 000040
[    0.000000] ACPI: FACS 0x000000003FFF0200 000040
[    0.000000] ACPI: APIC 0x000000003FFF0240 00005C (v02 VBOX   VBOXAPIC 00000001 ASL  00000061)
[    0.000000] ACPI: SSDT 0x000000003FFF02A0 0001CC (v01 VBOX   VBOXCPUT 00000002 INTL 20100528)
[    0.000000] No NUMA configuration found
[    0.000000] Faking a node at [mem 0x0000000000000000-0x000000003ffeffff]
[    0.000000] NODE_DATA(0) allocated [mem 0x3ffc5000-0x3ffeffff]
[    0.000000] kvm-clock: cpu 0, msr 0:3ff44001, primary cpu clock
[    0.000000] kvm-clock: Using msrs 4b564d01 and 4b564d00
[    0.000000] kvm-clock: using sched offset of 4670352927 cycles
[    0.000000] clocksource: kvm-clock: mask: 0xffffffffffffffff max_cycles: 0x1cd42e4dffb, max_idle_ns: 881590591483 ns
[    0.000000] Zone ranges:
[    0.000000]   DMA      [mem 0x0000000000001000-0x0000000000ffffff]
[    0.000000]   DMA32    [mem 0x0000000001000000-0x000000003ffeffff]
[    0.000000]   Normal   empty
[    0.000000]   Device   empty
[    0.000000] Movable zone start for each node
[    0.000000] Early memory node ranges
[    0.000000]   node   0: [mem 0x0000000000001000-0x000000000009efff]
[    0.000000]   node   0: [mem 0x0000000000100000-0x000000003ffeffff]
[    0.000000] Reserved but unavailable: 98 pages
[    0.000000] Initmem setup node 0 [mem 0x0000000000001000-0x000000003ffeffff]
[    0.000000] ACPI: PM-Timer IO Port: 0x4008
[    0.000000] IOAPIC[0]: apic_id 2, version 32, address 0xfec00000, GSI 0-23
[    0.000000] ACPI: INT_SRC_OVR (bus 0 bus_irq 0 global_irq 2 dfl dfl)
[    0.000000] ACPI: INT_SRC_OVR (bus 0 bus_irq 9 global_irq 9 low level)
[    0.000000] Using ACPI (MADT) for SMP configuration information
[    0.000000] smpboot: Allowing 2 CPUs, 0 hotplug CPUs
[    0.000000] PM: Registered nosave memory: [mem 0x00000000-0x00000fff]
[    0.000000] PM: Registered nosave memory: [mem 0x0009f000-0x0009ffff]
[    0.000000] PM: Registered nosave memory: [mem 0x000a0000-0x000effff]
[    0.000000] PM: Registered nosave memory: [mem 0x000f0000-0x000fffff]
[    0.000000] e820: [mem 0x40000000-0xfebfffff] available for PCI devices
[    0.000000] Booting paravirtualized kernel on KVM
[    0.000000] clocksource: refined-jiffies: mask: 0xffffffff max_cycles: 0xffffffff, max_idle_ns: 7645519600211568 ns
[    0.000000] random: get_random_bytes called from start_kernel+0x99/0x500 with crng_init=0
[    0.000000] setup_percpu: NR_CPUS:8192 nr_cpumask_bits:2 nr_cpu_ids:2 nr_node_ids:1
[    0.000000] percpu: Embedded 45 pages/cpu s147456 r8192 d28672 u1048576
[    0.000000] PV qspinlock hash table entries: 256 (order: 0, 4096 bytes)
[    0.000000] Built 1 zonelists, mobility grouping on.  Total pages: 257913
[    0.000000] Policy zone: DMA32
[    0.000000] Kernel command line: BOOT_IMAGE=/boot/vmlinuz-4.15.0-143-generic root=LABEL=cloudimg-rootfs ro console=tty1 console=ttyS0
[    0.000000] Memory: 982724K/1048120K available (12300K kernel code, 2483K rwdata, 4316K rodata, 2444K init, 2724K bss, 65396K reserved, 0K cma-reserved)
[    0.000000] SLUB: HWalign=64, Order=0-3, MinObjects=0, CPUs=2, Nodes=1
[    0.000000] Kernel/User page tables isolation: enabled
[    0.000000] ftrace: allocating 39437 entries in 155 pages
[    0.004000] Hierarchical RCU implementation.
[    0.004000] 	RCU restricting CPUs from NR_CPUS=8192 to nr_cpu_ids=2.
[    0.004000] 	Tasks RCU enabled.
[    0.004000] RCU: Adjusting geometry for rcu_fanout_leaf=16, nr_cpu_ids=2
[    0.004000] NR_IRQS: 524544, nr_irqs: 440, preallocated irqs: 16
[    0.004000] Console: colour VGA+ 80x25
[    0.004000] console [tty1] enabled
[    0.004000] console [ttyS0] enabled
[    0.004000] ACPI: Core revision 20170831
[    0.004000] ACPI: 2 ACPI AML tables successfully acquired and loaded
[    0.004000] APIC: Switch to symmetric I/O mode setup
[    0.004000] x2apic enabled
[    0.004000] Switched APIC routing to physical x2apic.
[    0.004000] ..TIMER: vector=0x30 apic1=0 pin1=2 apic2=-1 pin2=-1
[    0.004005] tsc: Detected 2494.226 MHz processor
[    0.005147] Calibrating delay loop (skipped) preset value.. 4988.45 BogoMIPS (lpj=9976904)
[    0.008003] pid_max: default: 32768 minimum: 301
[    0.009230] Security Framework initialized
[    0.010246] Yama: becoming mindful.
[    0.012027] AppArmor: AppArmor initialized
[    0.014776] Dentry cache hash table entries: 131072 (order: 8, 1048576 bytes)
[    0.016099] Inode-cache hash table entries: 65536 (order: 7, 524288 bytes)
[    0.017764] Mount-cache hash table entries: 2048 (order: 2, 16384 bytes)
[    0.020007] Mountpoint-cache hash table entries: 2048 (order: 2, 16384 bytes)
[    0.023129] Last level iTLB entries: 4KB 1024, 2MB 1024, 4MB 1024
[    0.024006] Last level dTLB entries: 4KB 1024, 2MB 1024, 4MB 1024, 1GB 4
[    0.028006] Spectre V1 : Mitigation: usercopy/swapgs barriers and __user pointer sanitization
[    0.030777] Spectre V2 : Mitigation: Full generic retpoline
[    0.032005] Spectre V2 : Spectre v2 / SpectreRSB mitigation: Filling RSB on context switch
[    0.034747] Speculative Store Bypass: Vulnerable
[    0.036065] SRBDS: Unknown: Dependent on hypervisor status
[    0.037621] MDS: Mitigation: Clear CPU buffers
[    0.040181] Freeing SMP alternatives memory: 36K
[    0.153039] smpboot: CPU0: Intel(R) Core(TM) i7-4870HQ CPU @ 2.50GHz (family: 0x6, model: 0x46, stepping: 0x1)
[    0.155507] Performance Events: unsupported p6 CPU model 70 no PMU driver, software events only.
[    0.156048] Hierarchical SRCU implementation.
[    0.157870] NMI watchdog: Perf event create on CPU 0 failed with -2
[    0.159360] NMI watchdog: Perf NMI watchdog permanently disabled
[    0.160055] smp: Bringing up secondary CPUs ...
[    0.161246] x86: Booting SMP configuration:
[    0.162271] .... node  #0, CPUs:      #1
[    0.004000] kvm-clock: cpu 1, msr 0:3ff44041, secondary cpu clock
[    0.168026] smp: Brought up 1 node, 2 CPUs
[    0.169844] smpboot: Max logical packages: 1
[    0.170985] smpboot: Total of 2 processors activated (9976.90 BogoMIPS)
[    0.172189] devtmpfs: initialized
[    0.172975] x86/mm: Memory block size: 128MB
[    0.174257] evm: security.selinux
[    0.176005] evm: security.SMACK64
[    0.176896] evm: security.SMACK64EXEC
[    0.177931] evm: security.SMACK64TRANSMUTE
[    0.179061] evm: security.SMACK64MMAP
[    0.180004] evm: security.apparmor
[    0.180915] evm: security.ima
[    0.181682] evm: security.capability
[    0.182646] clocksource: jiffies: mask: 0xffffffff max_cycles: 0xffffffff, max_idle_ns: 7645041785100000 ns
[    0.184015] futex hash table entries: 512 (order: 3, 32768 bytes)
[    0.188020] pinctrl core: initialized pinctrl subsystem
[    0.189524] RTC time: 21:06:49, date: 05/17/21
[    0.192158] NET: Registered protocol family 16
[    0.193332] audit: initializing netlink subsys (disabled)
[    0.194682] audit: type=2000 audit(1621285614.978:1): state=initialized audit_enabled=0 res=1
[    0.196017] cpuidle: using governor ladder
[    0.197130] cpuidle: using governor menu
[    0.198165] ACPI: bus type PCI registered
[    0.200004] acpiphp: ACPI Hot Plug PCI Controller Driver version: 0.5
[    0.201771] PCI: Using configuration type 1 for base access
[    0.205261] HugeTLB registered 2.00 MiB page size, pre-allocated 0 pages
[    0.205667] ACPI: Added _OSI(Module Device)
[    0.208007] ACPI: Added _OSI(Processor Device)
[    0.209110] ACPI: Added _OSI(3.0 _SCP Extensions)
[    0.210308] ACPI: Added _OSI(Processor Aggregator Device)
[    0.212007] ACPI: Added _OSI(Linux-Dell-Video)
[    0.213136] ACPI: Added _OSI(Linux-Lenovo-NV-HDMI-Audio)
[    0.214421] ACPI: Added _OSI(Linux-HPI-Hybrid-Graphics)
[    0.216434] ACPI: Executed 1 blocks of module-level executable AML code
[    0.221614] ACPI: Interpreter enabled
[    0.222838] ACPI: (supports S0 S5)
[    0.223708] ACPI: Using IOAPIC for interrupt routing
[    0.224266] PCI: Using host bridge windows from ACPI; if necessary, use "pci=nocrs" and report a bug
[    0.226714] ACPI: Enabled 2 GPEs in block 00 to 07
[    0.237426] ACPI: PCI Root Bridge [PCI0] (domain 0000 [bus 00-ff])
[    0.238915] acpi PNP0A03:00: _OSC: OS supports [ASPM ClockPM Segments MSI]
[    0.240527] acpi PNP0A03:00: _OSC: not requesting OS control; OS requires [ExtendedConfig ASPM ClockPM MSI]
[    0.242872] acpi PNP0A03:00: fail to add MMCONFIG information, can't access extended PCI configuration space under this bridge.
[    0.244614] PCI host bridge to bus 0000:00
[    0.248005] pci_bus 0000:00: root bus resource [io  0x0000-0x0cf7 window]
[    0.249876] pci_bus 0000:00: root bus resource [io  0x0d00-0xffff window]
[    0.251483] pci_bus 0000:00: root bus resource [mem 0x000a0000-0x000bffff window]
[    0.252003] pci_bus 0000:00: root bus resource [mem 0x40000000-0xfdffffff window]
[    0.253810] pci_bus 0000:00: root bus resource [bus 00-ff]
[    0.260093] pci 0000:00:01.1: legacy IDE quirk: reg 0x10: [io  0x01f0-0x01f7]
[    0.261884] pci 0000:00:01.1: legacy IDE quirk: reg 0x14: [io  0x03f6]
[    0.263611] pci 0000:00:01.1: legacy IDE quirk: reg 0x18: [io  0x0170-0x0177]
[    0.264004] pci 0000:00:01.1: legacy IDE quirk: reg 0x1c: [io  0x0376]
[    0.287423] pci 0000:00:07.0: quirk: [io  0x4000-0x403f] claimed by PIIX4 ACPI
[    0.288028] pci 0000:00:07.0: quirk: [io  0x4100-0x410f] claimed by PIIX4 SMB
[    0.307616] ACPI: PCI Interrupt Link [LNKA] (IRQs 5 9 10 *11)
[    0.308368] ACPI: PCI Interrupt Link [LNKB] (IRQs 5 9 *10 11)
[    0.309938] ACPI: PCI Interrupt Link [LNKC] (IRQs 5 *9 10 11)
[    0.312182] ACPI: PCI Interrupt Link [LNKD] (IRQs 5 9 10 *11)
[    0.314045] SCSI subsystem initialized
[    0.316036] pci 0000:00:02.0: vgaarb: setting as boot VGA device
[    0.317652] pci 0000:00:02.0: vgaarb: VGA device added: decodes=io+mem,owns=io+mem,locks=none
[    0.319869] pci 0000:00:02.0: vgaarb: bridge control possible
[    0.320006] vgaarb: loaded
[    0.320819] ACPI: bus type USB registered
[    0.321919] usbcore: registered new interface driver usbfs
[    0.324018] usbcore: registered new interface driver hub
[    0.325349] usbcore: registered new device driver usb
[    0.326673] EDAC MC: Ver: 3.0.0
[    0.328629] PCI: Using ACPI for IRQ routing
[    0.329653] NetLabel: Initializing
[    0.332004] NetLabel:  domain hash size = 128
[    0.333105] NetLabel:  protocols = UNLABELED CIPSOv4 CALIPSO
[    0.334508] NetLabel:  unlabeled traffic allowed by default
[    0.336123] clocksource: Switched to clocksource kvm-clock
[    0.350388] VFS: Disk quotas dquot_6.6.0
[    0.351409] VFS: Dquot-cache hash table entries: 512 (order 0, 4096 bytes)
[    0.353198] AppArmor: AppArmor Filesystem Enabled
[    0.354439] pnp: PnP ACPI init
[    0.356890] pnp: PnP ACPI: found 3 devices
[    0.368535] clocksource: acpi_pm: mask: 0xffffff max_cycles: 0xffffff, max_idle_ns: 2085701024 ns
[    0.372479] NET: Registered protocol family 2
[    0.374179] TCP established hash table entries: 8192 (order: 4, 65536 bytes)
[    0.377369] TCP bind hash table entries: 8192 (order: 5, 131072 bytes)
[    0.381171] TCP: Hash tables configured (established 8192 bind 8192)
[    0.383124] UDP hash table entries: 512 (order: 2, 16384 bytes)
[    0.384717] UDP-Lite hash table entries: 512 (order: 2, 16384 bytes)
[    0.386382] NET: Registered protocol family 1
[    0.387553] pci 0000:00:00.0: Limiting direct PCI/PCI transfers
[    0.389218] pci 0000:00:01.0: Activating ISA DMA hang workarounds
[    0.390863] pci 0000:00:02.0: Video device with shadowed ROM at [mem 0x000c0000-0x000dffff]
[    0.393108] Unpacking initramfs...
[    0.732312] Freeing initrd memory: 19516K
[    0.739817] clocksource: tsc: mask: 0xffffffffffffffff max_cycles: 0x23f3eb3743e, max_idle_ns: 440795257847 ns
[    0.742350] platform rtc_cmos: registered platform RTC device (no PNP device found)
[    0.744343] Scanning for low memory corruption every 60 seconds
[    0.746623] Initialise system trusted keyrings
[    0.747732] Key type blacklist registered
[    0.749021] workingset: timestamp_bits=36 max_order=18 bucket_order=0
[    0.751558] zbud: loaded
[    0.752809] squashfs: version 4.0 (2009/01/31) Phillip Lougher
[    0.754490] fuse init (API version 7.26)
[    0.758216] Key type asymmetric registered
[    0.759285] Asymmetric key parser 'x509' registered
[    0.760537] Block layer SCSI generic (bsg) driver version 0.4 loaded (major 246)
[    0.762410] io scheduler noop registered
[    0.763381] io scheduler deadline registered
[    0.764485] io scheduler cfq registered (default)
[    0.766200] ACPI: AC Adapter [AC] (on-line)
[    0.767301] input: Power Button as /devices/LNXSYSTM:00/LNXPWRBN:00/input/input0
[    0.769462] ACPI: Power Button [PWRF]
[    0.771117] input: Sleep Button as /devices/LNXSYSTM:00/LNXSLPBN:00/input/input1
[    0.773280] ACPI: Sleep Button [SLPF]
[    0.776229] Serial: 8250/16550 driver, 32 ports, IRQ sharing enabled
[    0.776364] ACPI: Battery Slot [BAT0] (battery present)
[    0.800440] 00:02: ttyS0 at I/O 0x3f8 (irq = 4, base_baud = 115200) is a 16550A
[    0.803634] Linux agpgart interface v0.103
[    0.806159] loop: module loaded
[    0.807664] scsi host0: ata_piix
[    0.808829] scsi host1: ata_piix
[    0.809733] ata1: PATA max UDMA/33 cmd 0x1f0 ctl 0x3f6 bmdma 0xd000 irq 14
[    0.811444] ata2: PATA max UDMA/33 cmd 0x170 ctl 0x376 bmdma 0xd008 irq 15
[    0.813300] libphy: Fixed MDIO Bus: probed
[    0.814380] tun: Universal TUN/TAP device driver, 1.6
[    0.815670] PPP generic driver version 2.4.2
[    0.816864] ehci_hcd: USB 2.0 'Enhanced' Host Controller (EHCI) Driver
[    0.818481] ehci-pci: EHCI PCI platform driver
[    0.820277] ehci-platform: EHCI generic platform driver
[    0.821993] ohci_hcd: USB 1.1 'Open' Host Controller (OHCI) Driver
[    0.823495] ohci-pci: OHCI PCI platform driver
[    0.824648] ohci-platform: OHCI generic platform driver
[    0.825943] uhci_hcd: USB Universal Host Controller Interface driver
[    0.827598] i8042: PNP: PS/2 Controller [PNP0303:PS2K,PNP0f03:PS2M] at 0x60,0x64 irq 1,12
[    0.830339] serio: i8042 KBD port at 0x60,0x64 irq 1
[    0.831616] serio: i8042 AUX port at 0x60,0x64 irq 12
[    0.832981] mousedev: PS/2 mouse device common for all mice
[    0.834775] input: AT Translated Set 2 keyboard as /devices/platform/i8042/serio0/input/input2
[    0.837542] rtc_cmos rtc_cmos: rtc core: registered rtc_cmos as rtc0
[    0.839186] rtc_cmos rtc_cmos: alarms up to one day, 114 bytes nvram
[    0.840841] i2c /dev entries driver
[    0.841822] device-mapper: uevent: version 1.0.3
[    0.843138] device-mapper: ioctl: 4.37.0-ioctl (2017-09-20) initialised: dm-devel@redhat.com
[    0.845296] ledtrig-cpu: registered to indicate activity on CPUs
[    0.847226] NET: Registered protocol family 10
[    0.853137] Segment Routing with IPv6
[    0.854116] NET: Registered protocol family 17
[    0.855314] Key type dns_resolver registered
[    0.856634] mce: Using 0 MCE banks
[    0.857590] RAS: Correctable Errors collector initialized.
[    0.858964] sched_clock: Marking stable (856605123, 0)->(1099678039, -243072916)
[    0.861408] registered taskstats version 1
[    0.862454] Loading compiled-in X.509 certificates
[    0.866582] Loaded X.509 cert 'Build time autogenerated kernel key: de118354fe72448b469776565e76ac30c08e8db2'
[    0.869959] Loaded X.509 cert 'Canonical Ltd. Live Patch Signing: 14df34d1a87cf37625abec039ef2bf521249b969'
[    0.873852] Loaded X.509 cert 'Canonical Ltd. Kernel Module Signing: 88f752e560a1e0737e31163a466ad7b70a850c19'
[    0.876881] zswap: loaded using pool lzo/zbud
[    0.883148] Key type big_key registered
[    0.884237] Key type trusted registered
[    0.887379] Key type encrypted registered
[    0.888515] AppArmor: AppArmor sha1 policy hashing enabled
[    0.889837] ima: No TPM chip found, activating TPM-bypass! (rc=-19)
[    0.891314] ima: Allocated hash algorithm: sha1
[    0.892508] evm: HMAC attrs: 0x1
[    0.893798]   Magic number: 5:564:146
[    0.896306] rtc_cmos rtc_cmos: setting system clock to 2021-05-17 21:06:49 UTC (1621285609)
[    0.899239] BIOS EDD facility v0.16 2004-Jun-25, 0 devices found
[    0.901006] EDD information not available.
[    1.009116] Freeing unused kernel image memory: 2444K
[    1.086310] Write protecting the kernel read-only data: 20480k
[    1.088576] Freeing unused kernel image memory: 2008K
[    1.090197] Freeing unused kernel image memory: 1828K
[    1.098847] x86/mm: Checked W+X mappings: passed, no W+X pages found.
[    1.100464] x86/mm: Checking user space page tables
[    1.108675] x86/mm: Checked W+X mappings: passed, no W+X pages found.
Loading, please wait...
starting version 237
[    1.195067] e1000: Intel(R) PRO/1000 Network Driver - version 7.3.21-k8-NAPI
[    1.197233] e1000: Copyright (c) 1999-2006 Intel Corporation.
[    1.202691] Fusion MPT base driver 3.04.20
[    1.203793] Copyright (c) 1999-2008 LSI Corporation
[    1.236586] Fusion MPT SPI Host driver 3.04.20
[    1.238011] AVX2 version of gcm_enc/dec engaged.
[    1.239530] AES CTR mode by8 optimization enabled
[    1.452859] input: ImExPS/2 Generic Explorer Mouse as /devices/platform/i8042/serio1/input/input4
[    1.658195] e1000 0000:00:03.0 eth0: (PCI:33MHz:32-bit) 02:79:d1:66:99:96
[    1.659824] e1000 0000:00:03.0 eth0: Intel(R) PRO/1000 Network Connection
[    1.662521] mptbase: ioc0: Initiating bringup
[    1.757304] ioc0: LSI53C1030 A0: Capabilities={Initiator}
[    1.998374] scsi host2: ioc0: LSI53C1030 A0, FwRev=00000000h, Ports=1, MaxQ=256, IRQ=20
[    2.170107] scsi 2:0:0:0: Direct-Access     VBOX     HARDDISK         1.0  PQ: 0 ANSI: 5
[    2.208174] scsi target2:0:0: Beginning Domain Validation
[    2.211314] scsi target2:0:0: Domain Validation skipping write tests
[    2.212914] scsi target2:0:0: Ending Domain Validation
[    2.214277] scsi target2:0:0: asynchronous
[    2.215880] scsi 2:0:1:0: Direct-Access     VBOX     HARDDISK         1.0  PQ: 0 ANSI: 5
[    2.564287] scsi target2:0:1: Beginning Domain Validation
[    2.566431] random: fast init done
[    2.567717] scsi target2:0:1: Domain Validation skipping write tests
[    2.569667] scsi target2:0:1: Ending Domain Validation
[    2.571097] scsi target2:0:1: asynchronous
[    2.577013] random: systemd-udevd: uninitialized urandom read (16 bytes read)
[    2.578737] random: systemd-udevd: uninitialized urandom read (16 bytes read)
[    2.581316] random: systemd-udevd: uninitialized urandom read (16 bytes read)
[    2.584791] sd 2:0:0:0: [sda] 83886080 512-byte logical blocks: (42.9 GB/40.0 GiB)
[    2.588738] sd 2:0:0:0: Attached scsi generic sg0 type 0
[    2.590682] sd 2:0:0:0: [sda] Write Protect is off
[    2.592407] sd 2:0:0:0: [sda] Incomplete mode parameter data
[    2.594123] sd 2:0:0:0: [sda] Assuming drive cache: write through
[    2.596955] sd 2:0:1:0: [sdb] 20480 512-byte logical blocks: (10.5 MB/10.0 MiB)
[    2.598987] e1000 0000:00:08.0 eth1: (PCI:33MHz:32-bit) 08:00:27:5d:e8:a0
[    2.600377] sd 2:0:1:0: Attached scsi generic sg1 type 0
[    2.602702] e1000 0000:00:08.0 eth1: Intel(R) PRO/1000 Network Connection
[    2.604800] sd 2:0:1:0: [sdb] Write Protect is off
[    2.608961] sd 2:0:1:0: [sdb] Incomplete mode parameter data
[    2.610498] sd 2:0:1:0: [sdb] Assuming drive cache: write through
[    2.614066]  sda: sda1
[    2.614977] sd 2:0:1:0: [sdb] Attached SCSI disk
[    2.617308] sd 2:0:0:0: [sda] Attached SCSI disk
[    3.034132] e1000 0000:00:09.0 eth2: (PCI:33MHz:32-bit) 08:00:27:5e:8b:68
[    3.035859] e1000 0000:00:09.0 eth2: Intel(R) PRO/1000 Network Connection
[    3.039433] e1000 0000:00:09.0 enp0s9: renamed from eth2
[    3.060713] e1000 0000:00:03.0 enp0s3: renamed from eth0
[    3.085410] e1000 0000:00:08.0 enp0s8: renamed from eth1
Begin: Loading essential drivers ... [    4.584201] raid6: sse2x1   gen()  8713 MB/s
[    4.632113] raid6: sse2x1   xor()  5403 MB/s
[    4.680063] raid6: sse2x2   gen() 10103 MB/s
[    4.728087] raid6: sse2x2   xor()  6490 MB/s
[    4.776224] raid6: sse2x4   gen() 12484 MB/s
[    4.824110] raid6: sse2x4   xor()  7412 MB/s
[    4.872087] raid6: avx2x1   gen() 17250 MB/s
[    4.920090] raid6: avx2x1   xor() 11725 MB/s
[    4.968429] raid6: avx2x2   gen() 19771 MB/s
[    5.016214] raid6: avx2x2   xor()  9731 MB/s
[    5.064105] raid6: avx2x4   gen() 18073 MB/s
[    5.112255] raid6: avx2x4   xor() 12257 MB/s
[    5.113697] raid6: using algorithm avx2x2 gen() 19771 MB/s
[    5.114984] raid6: .... xor() 9731 MB/s, rmw enabled
[    5.116168] raid6: using avx2x2 recovery algorithm
[    5.119072] xor: automatically using best checksumming function   avx       
[    5.123754] async_tx: api initialized (async)
done.
Begin: Running /scripts/init-premount ... done.
Begin: Mounting root file system ... Begin: Running /scripts/local-top ... done.
Begin: Running /scripts/local-premount ... [    5.177621] Btrfs loaded, crc32c=crc32c-intel
Scanning for Btrfs filesystems
done.
Warning: fsck not present, so skipping root file system
[    5.212673] EXT4-fs (sda1): mounted filesystem with ordered data mode. Opts: (null)
done.
Begin: Running /scripts/local-bottom ... done.
Begin: Running /scripts/init-bottom ... done.
[    5.391817] ip_tables: (C) 2000-2006 Netfilter Core Team
[    5.404830] systemd[1]: systemd 237 running in system mode. (+PAM +AUDIT +SELINUX +IMA +APPARMOR +SMACK +SYSVINIT +UTMP +LIBCRYPTSETUP +GCRYPT +GNUTLS +ACL +XZ +LZ4 +SECCOMP +BLKID +ELFUTILS +KMOD -IDN2 +IDN -PCRE2 default-hierarchy=hybrid)
[    5.410740] systemd[1]: Detected virtualization oracle.
[    5.412299] systemd[1]: Detected architecture x86-64.

Welcome to [1mUbuntu 18.04.5 LTS[0m!

[    5.432897] systemd[1]: Set hostname to <ubuntu>.
[    5.439189] systemd[1]: Initializing machine ID from random generator.
[    5.440998] systemd[1]: Installed transient /etc/machine-id file.
[    5.752003] systemd[1]: Reached target User and Group Name Lookups.
[[0;32m  OK  [0m] Reached target User and Group Name Lookups.
[    5.754813] systemd[1]: Reached target Swap.
[[0;32m  OK  [0m] Reached target Swap.
[    5.756813] systemd[1]: Reached target System Time Synchronized.
[[0;32m  OK  [0m] Reached target System Time Synchronized.
[    5.759679] systemd[1]: Set up automount Arbitrary Executable File Formats File System Automount Point.
[[0;32m  OK  [0m] Set up automount Arbitrary Executab…rmats File System Automount Point.
[[0;32m  OK  [0m] Created slice System Slice.
[[0;32m  OK  [0m] Listening on Network Service Netlink Socket.
[[0;32m  OK  [0m] Listening on Syslog Socket.
[[0;32m  OK  [0m] Listening on Device-mapper event daemon FIFOs.
[[0;32m  OK  [0m] Listening on fsck to fsckd communication Socket.
[[0;32m  OK  [0m] Listening on Journal Socket.
         Starting File System Check on Root Device...
         Starting Uncomplicated firewall...
         Mounting POSIX Message Queue File System...
[[0;32m  OK  [0m] Listening on /dev/initctl Compatibility Named Pipe.
[[0;32m  OK  [0m] Listening on Journal Socket (/dev/log).
[[0;32m  OK  [0m] Listening on LVM2 poll daemon socket.
         Mounting Huge Pages File System...
         Starting Set the console keyboard layout...
[[0;32m  OK  [0m] Listening on LVM2 metadata daemon socket.
         Starting Monitoring of LVM2 mirrors…ng dmeventd or progress polling...
         Starting Load Kernel Modules...
[[0;32m  OK  [0m] Listening on udev Control Socket.
[[0;32m  OK  [0m] Listening on udev Kernel Socket.
         Starting udev Coldplug all Devices...
[[0;32m  OK  [0m] Listening on Journal Audit Socket.
         Starting Journal Service...
[[0;32m  OK  [0m] Created slice system-serial\x2dgetty.slice.
[[0;32m  OK  [0m] Started Forward Password Requests to Wall Directory Watch.
         Mounting Kernel Debug File System...
         Starting Create list of required st…ce nodes for the current kernel...
[[0;32m  OK  [0m] Created slice User and Session Slice.
[[0;32m  OK  [0m] Reached target Slices.
[[0;32m  OK  [0m] Started File System Check on Root Device.
[[0;32m  OK  [0m] Started Uncomplicated firewall.
[[0;32m  OK  [0m] Mounted POSIX Message Queue File System.
[[0;32m  OK  [0m] Mounted Huge Pages File System.
[[0;32m  OK  [0m] Mounted Kernel Debug File System.
[[0;32m  OK  [0m] Started LVM2 metadata daemon.
[[0;32m  OK  [0m] Started File System Check Daemon to report status.
         Starting Remount Root and Kernel File Systems...
[[0;32m  OK  [0m] Started Create list of required sta…vice nodes for the current kernel.
         Starting Create Static Device Nodes in /dev...
[    7.134222] Loading iSCSI transport class v2.0-870.
[[0;32m  OK  [0m] Started udev Coldplug all Devices.
[[0;32m  OK  [0m] Started Journal Service.
[[0;32m  OK  [0m] Started Create Static Device Nodes in /dev.
[    7.191576] iscsi: registered transport (tcp)
[    7.210670] iscsi: registered transport (iser)
[[0;32m  OK  [0m] Started Load Kernel Modules.
[    7.214627] EXT4-fs (sda1): re-mounted. Opts: (null)
         Starting Apply Kernel Variables...
         Mounting Kernel Configuration File System...
         Mounting FUSE Control File System...
[[0;32m  OK  [0m] Started Remount Root and Kernel File Systems.
[[0;32m  OK  [0m] Started Set the console keyboard layout.
[[0;32m  OK  [0m] Started Monitoring of LVM2 mirrors,…sing dmeventd or progress polling.
[[0;32m  OK  [0m] Mounted Kernel Configuration File System.
[[0;32m  OK  [0m] Mounted FUSE Control File System.
[[0;32m  OK  [0m] Started Apply Kernel Variables.
         Starting udev Kernel Device Manager...
         Starting Flush Journal to Persistent Storage...
[[0;32m  OK  [0m] Reached target Local File Systems (Pre).
         Starting Load/Save Random Seed...
[[0;32m  OK  [0m] Reached target Local File Systems.
         Starting ebtables ruleset management...
         Starting Commit a transient machine-id on disk...
         Starting AppArmor initialization...
         Starting Tell Plymouth To Write Out Runtime Data...
         Starting Set console font and keymap...
[[0;32m  OK  [0m] Started udev Kernel Device Manager.
[[0;32m  OK  [0m] Started Dispatch Password Requests to Console Directory Watch.
[[0;32m  OK  [0m] Reached target Local Encrypted Volumes.
[[0;32m  OK  [0m] Started Load/Save Random Seed.
[[0;32m  OK  [0m] Started Tell Plymouth To Write Out Runtime Data.
[[0;32m  OK  [0m] Started Set console font and keymap.
[[0;32m  OK  [0m] Started Flush Journal to Persistent Storage.
         Starting Create Volatile Files and Directories...
[[0;32m  OK  [0m] Started Commit a transient machine-id on disk.
[[0;32m  OK  [0m] Started Create Volatile Files and Directories.
         Starting Update UTMP about System Boot/Shutdown...
[[0;32m  OK  [0m] Started ebtables ruleset management.
[[0;32m  OK  [0m] Started Update UTMP about System Boot/Shutdown.
[[0;32m  OK  [0m] Found device /dev/ttyS0.
[[0;32m  OK  [0m] Listening on Load/Save RF Kill Switch Status /dev/rfkill Watch.
[[0;32m  OK  [0m] Started AppArmor initialization.
         Starting Load AppArmor profiles managed internally by snapd...
         Starting Initial cloud-init job (pre-networking)...
[[0;32m  OK  [0m] Started Load AppArmor profiles managed internally by snapd.
[    9.790832] cloud-init[573]: Cloud-init v. 21.1-19-gbad84ad4-0ubuntu1~18.04.2 running 'init-local' at Mon, 17 May 2021 21:06:57 +0000. Up 9.39 seconds.
[[0;32m  OK  [0m] Started Initial cloud-init job (pre-networking).
[[0;32m  OK  [0m] Reached target Network (Pre).
         Starting Network Service...
[[0;32m  OK  [0m] Started Network Service.
         Starting Wait for Network to be Configured...
         Starting Network Name Resolution...
[[0;32m  OK  [0m] Started Network Name Resolution.
[[0;32m  OK  [0m] Reached target Network.
[[0;32m  OK  [0m] Reached target Host and Network Name Lookups.
[[0;32m  OK  [0m] Started Wait for Network to be Configured.
         Starting Initial cloud-init job (metadata service crawler)...
[   12.290020] cloud-init[675]: Cloud-init v. 21.1-19-gbad84ad4-0ubuntu1~18.04.2 running 'init' at Mon, 17 May 2021 21:07:00 +0000. Up 12.05 seconds.
[   12.304625] cloud-init[675]: ci-info: ++++++++++++++++++++++++++++++++++++++Net device info+++++++++++++++++++++++++++++++++++++++
[   12.308377] cloud-init[675]: ci-info: +--------+-------+----------------------------+---------------+--------+-------------------+
[   12.312646] cloud-init[675]: ci-info: | Device |   Up  |          Address           |      Mask     | Scope  |     Hw-Address    |
[   12.316691] cloud-init[675]: ci-info: +--------+-------+----------------------------+---------------+--------+-------------------+
[   12.320970] cloud-init[675]: ci-info: | enp0s3 |  True |         10.0.2.15          | 255.255.255.0 | global | 02:79:d1:66:99:96 |
[   12.324906] cloud-init[675]: ci-info: | enp0s3 |  True | fe80::79:d1ff:fe66:9996/64 |       .       |  link  | 02:79:d1:66:99:96 |
[   12.329352] cloud-init[675]: ci-info: | enp0s8 | False |             .              |       .       |   .    | 08:00:27:5d:e8:a0 |
[   12.333468] cloud-init[675]: ci-info: | enp0s9 | False |             .              |       .       |   .    | 08:00:27:5e:8b:68 |
[   12.337903] cloud-init[675]: ci-info: |   lo   |  True |         127.0.0.1          |   255.0.0.0   |  host  |         .         |
[   12.341970] cloud-init[675]: ci-info: |   lo   |  True |          ::1/128           |       .       |  host  |         .         |
[   12.346745] cloud-init[675]: ci-info: +--------+-------+----------------------------+---------------+--------+-------------------+
[   12.350679] cloud-init[675]: ci-info: ++++++++++++++++++++++++++++Route IPv4 info+++++++++++++++++++++++++++++
[   12.353811] cloud-init[675]: ci-info: +-------+-------------+----------+-----------------+-----------+-------+
[   12.357543] cloud-init[675]: ci-info: | Route | Destination | Gateway  |     Genmask     | Interface | Flags |
[   12.368448] cloud-init[675]: ci-info: +-------+-------------+----------+-----------------+-----------+-------+
[   12.372437] cloud-init[675]: ci-info: |   0   |   0.0.0.0   | 10.0.2.2 |     0.0.0.0     |   enp0s3  |   UG  |
[   12.375923] cloud-init[675]: ci-info: |   1   |   10.0.2.0  | 0.0.0.0  |  255.255.255.0  |   enp0s3  |   U   |
[   12.380628] cloud-init[675]: ci-info: |   2   |   10.0.2.2  | 0.0.0.0  | 255.255.255.255 |   enp0s3  |   UH  |
[   12.383539] cloud-init[675]: ci-info: +-------+-------------+----------+-----------------+-----------+-------+
[   12.387625] cloud-init[675]: ci-info: +++++++++++++++++++Route IPv6 info+++++++++++++++++++
[   12.391092] cloud-init[675]: ci-info: +-------+-------------+---------+-----------+-------+
[   12.394676] cloud-init[675]: ci-info: | Route | Destination | Gateway | Interface | Flags |
[   12.398381] cloud-init[675]: ci-info: +-------+-------------+---------+-----------+-------+
[   12.402166] cloud-init[675]: ci-info: |   1   |  fe80::/64  |    ::   |   enp0s3  |   U   |
[   12.405451] cloud-init[675]: ci-info: |   3   |    local    |    ::   |   enp0s3  |   U   |
[   12.409719] cloud-init[675]: ci-info: |   4   |   ff00::/8  |    ::   |   enp0s3  |   U   |
[   12.414093] cloud-init[675]: ci-info: +-------+-------------+---------+-----------+-------+
[   13.300742] cloud-init[675]: Generating public/private rsa key pair.
[   13.302707] cloud-init[675]: Your identification has been saved in /etc/ssh/ssh_host_rsa_key.
[   13.306210] cloud-init[675]: Your public key has been saved in /etc/ssh/ssh_host_rsa_key.pub.
[   13.309858] cloud-init[675]: The key fingerprint is:
[   13.311646] cloud-init[675]: SHA256:YOH5AubisQt5nYSTkVwueXWVVwrAX8xQFnfxpxObHRs root@ubuntu-bionic
[   13.315724] cloud-init[675]: The key's randomart image is:
[   13.318312] cloud-init[675]: +---[RSA 2048]----+
[   13.320911] cloud-init[675]: |    . o.oo+*+oo.o|
[   13.322723] cloud-init[675]: | . = o +. .o=o ..|
[   13.324322] cloud-init[675]: |  * = =  . o. .Eo|
[   13.336736] cloud-init[675]: |   O o o  .    *=|
[   13.338652] cloud-init[675]: |  * o . S     =..|
[   13.352653] cloud-init[675]: | o B . .       . |
[   13.353974] cloud-init[675]: |o + o            |
[   13.364647] cloud-init[675]: | o .             |
[[0;32m  OK  [0m] Started Initial cloud-init job (metadata service crawler).
[   13.365982] cloud-init[675]: |  .              |
[[0;32m  OK  [0m] Reached target Cloud-config availability.
[[0;32m  OK  [0m] Reached target System Initialization.
[   13.368715] cloud-init[675]: +----[SHA256]-----+
[[0;32m  OK  [0m] Started ACPI Events Check.
[   13.387733] cloud-init[[0;32m  OK  [0m] Started Daily apt download activities.
[[0;32m  OK  [0m] Started Daily Cleanup of Temporary Directories.
[[0;32m  OK  [0m] Started Daily apt upgrade and clean activities.
[[0;32m  OK  [0m] Listening on UUID daemon activation socket.
[[0;32m  OK  [0m] Listening on D-Bus System Message Bus Socket.
[[0;32m  OK  [0m] Started Ubuntu Advantage update messaging.
         Starting Socket activation for snappy daemon.
[[0;32m  OK  [0m] Started Message of the Day.
[[0;32m  OK  [0m] Listening on ACPID Listen Socket.
[[0;32m  OK  [0m] Started Discard unused blocks once a week.
[[0;32m  OK  [0m] Reached target Timers.
         Starting LXD - unix socket.
[[0;32m  OK  [0m] Listening on Open-iSCSI iscsid Socket.
[[0;32m  OK  [0m] Reached target Paths.
[675]: [[0;32m  OK  [0m] Reached target Network is Online.
Generating public/private dsa key pair.
[[0;32m  OK  [0m] Reached target Remote File Systems (Pre).
[   13.419935] cloud-init[675]: [[0;32m  OK  [0m] Reached target Remote File Systems.
Your identification has been saved in /etc/ssh/ssh_host_dsa_key.         Starting Availability of block devices...
[[0;32m  OK  [0m] Listening on Socket activation for snappy daemon.
[[0;32m  OK  [0m] Listening on LXD - unix socket.

[[0;32m  OK  [0m] Reached target Sockets.
[   13.437412] [[0;32m  OK  [0m] Reached target Basic System.
cloud-init[675]: Your public key has been saved in /etc/ssh/ssh_host_dsa_key.pub.
[[0;32m  OK  [0m] Started FUSE filesystem for LXC.
[   13.444052] cloud-init[675]: The key fingerprint is:
[   13.446731] cloud-init[675]: SHA256:bvmpNnQfOb6TkVKjsGj8IFZhmeU7ajG6wx1837GvrPA root@ubuntu-bionic
[   13.450387] cloud-init[675]: The key's randomart image is:
[   13.452722] cloud-init[675]: +---[DSA 1024]----+
[   13.455180] cloud-init[675]: |       +.        |
[   13.456993] cloud-init[675]: |      =.         |
[   13.458766] cloud-init[675]: |     . ..        |
[   13.463163] [[0;32m  OK  [0m] Started irqbalance daemon.
         Starting Dispatcher daemon for systemd-networkd...
         Starting LSB: Record successful boot for GRUB...
         Starting System Logging Service...
cloud-init[675]:          Starting LXD - container startup/shutdown...
[[0;32m  OK  [0m] Started Deferred execution scheduler.
|      . ..  o    |         Starting LSB: automatic crash report generation...

         Starting Accounts Service...
         Starting Login Service...
[   13.498567] cloud-init[675]: |     +o.So o +   |
[   13.500139] cloud-init[675]: |    o.B=+o+ B    |
[   13.501617] cloud-init[675]: |   o.+o*=o = B   |
[   13.505099] cloud-init[675]: |    oo..++.oB    |
[   13.510319] cloud-init[675]: |    .. ..oE.+=.  |
[   13.514461] cloud-init[675]: +----[SHA256]-----+
[   13.516836] cloud-init[675]: Generating public/private ecdsa key pair.
[   13.519642] cloud-init[675]: Your identification has been saved in /etc/ssh/ssh_host_ecdsa_key.
[   13.523923] cloud-init[675]: Your public key has been saved in /etc/ssh/ssh_host_ecdsa_key.pub.
[   13.529926] cloud-init[675]: The key fingerprint is:
[   13.538883] cloud-init[675]: SHA256:5x30XQGCrO0rGGtpRNmU5YTEy/+1batc623dPER/ZRw root@ubuntu-bionic
[   13.547136] cloud-init[675]: The key's randomart image is:
[   13.555753] cloud-init[675]: +---[ECDSA 256]---+
[   13.561551] cloud-init[675]: |      o.=o.. ... |
[   13.566588] cloud-init[675]: |       =oo  .  E.|
[   13.574737] cloud-init[675]: |      = +.  .  .o|
[   13.577443] cloud-init[675]: |     o = . . . o=|
[   13.581791] cloud-init[675]: |    .   S . . o.+|
[   13.585577] cloud-init[675]: |     o   = . o .o|
[   13.588747] cloud-init[675]: |    . =   + o +o+|
         Starting Virtualbox guest utils...
[   13.597815] cloud-init[675]: |     * . . ....+B|
[   13.600424] cloud-init[675]: |    o   .    o+=+|
[   13.602213] cloud-init[675]: +----[SHA256]-----+
[   13.604298] cloud-init[675]: Generating public/private ed25519 key pair.
[   13.607434] cloud-init[675]: Your identification has been saved in /etc/ssh/ssh_host_ed25519_key.
[   13.611485] cloud-init[675]: Your public key has been saved in /etc/ssh/ssh_host_ed25519_key.pub.
[   13.616988] cloud-init[675]: The key fingerprint is:
[   13.630163] cloud-init[675]: SHA256:0Kg6UrRE8FgY7I9Ko+pflFH0dT0R5x4xngv8rZSMb1s root@ubuntu-bionic
[   13.648767] cloud-init[675]: The key's randomart image is:
[   13.651318] cloud-init[675]: +--[ED25519 256]--+
[   13.653529] cloud-init[675]: |++o   .o   . ..=+|
[   13.657073] cloud-init[675]: |.*    .o. . o .+=|
[   13.658793] cloud-init[675]: |o +  .o ..   o +o|
[   13.661357] cloud-init[675]: | + . .o.     ooo+|
[   13.664696] cloud-init[675]: |  = .o  S   . +oo|
[   13.668524] cloud-init[675]: | = o.        o . |
[   13.670530] cloud-init[675]: |= +  .        + E|
[   13.672927] cloud-init[675]: |o. ..        . o |
[[0;32m  OK  [0m] Started Regular background program processing daemon.
[   13.679979] cloud-init[675]: |+...          .  |
[   13.686126] cloud-init[675]: +----[SHA256]-----+
         Starting Snap Daemon...
         Starting Permit User Sessions...
[[0;32m  OK  [0m] Started D-Bus System Message Bus.
         Starting Pollinate to seed the pseudo random number generator...
[[0;32m  OK  [0m] Started System Logging Service.
[[0;32m  OK  [0m] Started Availability of block devices.
[[0;32m  OK  [0m] Started LXD - container startup/shutdown.
[[0;32m  OK  [0m] Started Permit User Sessions.
[[0;32m  OK  [0m] Started Login Service.
[[0;32m  OK  [0m] Started Unattended Upgrades Shutdown.
         Starting Terminate Plymouth Boot Screen...
         Starting Hold until boot process finishes up...
[[0;32m  OK  [0m] Started Terminate Plymouth Boot Screen.
[[0;32m  OK  [0m] Started Hold until boot process finishes up.
[[0;32m  OK  [0m] Started Serial Getty on ttyS0.
         Starting Set console scheme...
         Starting Authorization Manager...
[[0;32m  OK  [0m] Started LSB: automatic crash report generation.
[[0;32m  OK  [0m] Started Set console scheme.
[[0;32m  OK  [0m] Created slice system-getty.slice.
[[0;32m  OK  [0m] Started Getty on tty1.
[[0;32m  OK  [0m] Reached target Login Prompts.
[[0;32m  OK  [0m] Started Authorization Manager.
[[0;32m  OK  [0m] Started Accounts Service.
[[0;32m  OK  [0m] Started LSB: Record successful boot for GRUB.
[[0;32m  OK  [0m] Started Dispatcher daemon for systemd-networkd.
[[0;32m  OK  [0m] Started Virtualbox guest utils.
[[0;32m  OK  [0m] Started Snap Daemon.
         Starting Wait until snapd is fully seeded...

Ubuntu 18.04.5 LTS ubuntu-bionic ttyS0

ubuntu-bionic login: [   58.908900] cloud-init[1608]: Cloud-init v. 21.1-19-gbad84ad4-0ubuntu1~18.04.2 running 'modules:config' at Mon, 17 May 2021 21:07:47 +0000. Up 58.46 seconds.
ci-info: no authorized SSH keys fingerprints found for user ubuntu.
<14>May 17 21:07:48 ec2: 
<14>May 17 21:07:48 ec2: #############################################################
<14>May 17 21:07:48 ec2: -----BEGIN SSH HOST KEY FINGERPRINTS-----
<14>May 17 21:07:48 ec2: 1024 SHA256:bvmpNnQfOb6TkVKjsGj8IFZhmeU7ajG6wx1837GvrPA root@ubuntu-bionic (DSA)
<14>May 17 21:07:48 ec2: 256 SHA256:5x30XQGCrO0rGGtpRNmU5YTEy/+1batc623dPER/ZRw root@ubuntu-bionic (ECDSA)
<14>May 17 21:07:48 ec2: 256 SHA256:0Kg6UrRE8FgY7I9Ko+pflFH0dT0R5x4xngv8rZSMb1s root@ubuntu-bionic (ED25519)
<14>May 17 21:07:48 ec2: 2048 SHA256:YOH5AubisQt5nYSTkVwueXWVVwrAX8xQFnfxpxObHRs root@ubuntu-bionic (RSA)
<14>May 17 21:07:48 ec2: -----END SSH HOST KEY FINGERPRINTS-----
<14>May 17 21:07:48 ec2: #############################################################
-----BEGIN SSH HOST KEY KEYS-----
ecdsa-sha2-nistp256 AAAAE2VjZHNhLXNoYTItbmlzdHAyNTYAAAAIbmlzdHAyNTYAAABBBFZtsMt4f1125umO6BldHY8xFqSHrz0blar0G6lDPl57LL0XJslkALZQDWUS4SGW1+wEdK4rrYP+sYnzu0txuL8= root@ubuntu-bionic
ssh-ed25519 AAAAC3NzaC1lZDI1NTE5AAAAIKcK1yLHZ9CLhOtkKFixIHZxg4YkaPWhoK2y6SBj+Yef root@ubuntu-bionic
ssh-rsa AAAAB3NzaC1yc2EAAAADAQABAAABAQDcECHpp2V7oOsNBhFIyUfEiNtiF3XPaBJzQJuXfJrGC7r1Kwl5dVzNd7+FMzFz2yN7MK+LNAWXpACr4pTkYKUdTaraENN4XYbgO/AegKRfaIQ3iF1QGGO1LmBMxiFD+6tYhk04zqnDX9gb9AQ+yVrJ0amVF/U0kquug13UPkZny0DwiPtw/jZ9TtqshbHo0a5obo86QjaWbtmQ80PsMKI05omR4kIP89YIAZbraBsi1AURv4DpQSPBVCygNzqGVEWiIkl4qWx41JJml1pjprx+3qGNwSvYgLv2MwD7Ki8ORw5o0vawPyH+gGkHeIr44A5Cv6QAKEXlDRY49P5Oy56v root@ubuntu-bionic
-----END SSH HOST KEY KEYS-----
[   59.563260] cloud-init[1810]: Cloud-init v. 21.1-19-gbad84ad4-0ubuntu1~18.04.2 running 'modules:final' at Mon, 17 May 2021 21:07:47 +0000. Up 59.37 seconds.
[   59.563997] cloud-init[1810]: ci-info: no authorized SSH keys fingerprints found for user ubuntu.
[   59.564517] cloud-init[1810]: Cloud-init v. 21.1-19-gbad84ad4-0ubuntu1~18.04.2 finished at Mon, 17 May 2021 21:07:48 +0000. Datasource DataSourceNoCloud [seed=/dev/sdb][dsmode=net].  Up 59.53 seconds
